\\desktop-nfn6832\users\public\documents\vs stud\lab1\lab1\debug\city.obj
\\desktop-nfn6832\users\public\documents\vs stud\lab1\lab1\debug\citymapper.obj
\\desktop-nfn6832\users\public\documents\vs stud\lab1\lab1\debug\client.obj
\\desktop-nfn6832\users\public\documents\vs stud\lab1\lab1\debug\company.obj
\\desktop-nfn6832\users\public\documents\vs stud\lab1\lab1\debug\connect.obj
\\desktop-nfn6832\users\public\documents\vs stud\lab1\lab1\debug\country.obj
\\desktop-nfn6832\users\public\documents\vs stud\lab1\lab1\debug\countrymapper.obj
\\desktop-nfn6832\users\public\documents\vs stud\lab1\lab1\debug\employee.obj
\\desktop-nfn6832\users\public\documents\vs stud\lab1\lab1\debug\flights.obj
\\desktop-nfn6832\users\public\documents\vs stud\lab1\lab1\debug\flightsmapper.obj
\\desktop-nfn6832\users\public\documents\vs stud\lab1\lab1\debug\hotel.obj
\\desktop-nfn6832\users\public\documents\vs stud\lab1\lab1\debug\hotelmapper.obj
\\desktop-nfn6832\users\public\documents\vs stud\lab1\lab1\debug\main.obj
\\desktop-nfn6832\users\public\documents\vs stud\lab1\lab1\debug\repository.obj
\\desktop-nfn6832\users\public\documents\vs stud\lab1\lab1\debug\route.obj
\\desktop-nfn6832\users\public\documents\vs stud\lab1\lab1\debug\ticket.obj
\\desktop-nfn6832\users\public\documents\vs stud\lab1\lab1\debug\transfer.obj
\\desktop-nfn6832\users\public\documents\vs stud\lab1\lab1\debug\transfermapper.obj
\\desktop-nfn6832\users\public\documents\vs stud\lab1\lab1\debug\vc142.idb
\\desktop-nfn6832\users\public\documents\vs stud\lab1\lab1\debug\vc142.pdb
\\desktop-nfn6832\users\public\documents\vs stud\lab1\lab1\debug\city.sbr
\\desktop-nfn6832\users\public\documents\vs stud\lab1\lab1\debug\citymapper.sbr
\\desktop-nfn6832\users\public\documents\vs stud\lab1\lab1\debug\client.sbr
\\desktop-nfn6832\users\public\documents\vs stud\lab1\lab1\debug\clientmapper.sbr
\\desktop-nfn6832\users\public\documents\vs stud\lab1\lab1\debug\company.sbr
\\desktop-nfn6832\users\public\documents\vs stud\lab1\lab1\debug\companymapper.sbr
\\desktop-nfn6832\users\public\documents\vs stud\lab1\lab1\debug\connect.sbr
\\desktop-nfn6832\users\public\documents\vs stud\lab1\lab1\debug\country.sbr
\\desktop-nfn6832\users\public\documents\vs stud\lab1\lab1\debug\countrymapper.sbr
\\desktop-nfn6832\users\public\documents\vs stud\lab1\lab1\debug\employee.sbr
\\desktop-nfn6832\users\public\documents\vs stud\lab1\lab1\debug\employeemapper.sbr
\\desktop-nfn6832\users\public\documents\vs stud\lab1\lab1\debug\flights.sbr
\\desktop-nfn6832\users\public\documents\vs stud\lab1\lab1\debug\flightsmapper.sbr
\\desktop-nfn6832\users\public\documents\vs stud\lab1\lab1\debug\hotel.sbr
\\desktop-nfn6832\users\public\documents\vs stud\lab1\lab1\debug\hotelmapper.sbr
\\desktop-nfn6832\users\public\documents\vs stud\lab1\lab1\debug\main.sbr
\\desktop-nfn6832\users\public\documents\vs stud\lab1\lab1\debug\repository.sbr
\\desktop-nfn6832\users\public\documents\vs stud\lab1\lab1\debug\route.sbr
\\desktop-nfn6832\users\public\documents\vs stud\lab1\lab1\debug\routemapper.sbr
\\desktop-nfn6832\users\public\documents\vs stud\lab1\lab1\debug\ticket.sbr
\\desktop-nfn6832\users\public\documents\vs stud\lab1\lab1\debug\ticketmapper.sbr
\\desktop-nfn6832\users\public\documents\vs stud\lab1\lab1\debug\transfer.sbr
\\desktop-nfn6832\users\public\documents\vs stud\lab1\lab1\debug\transfermapper.sbr
\\desktop-nfn6832\users\public\documents\vs stud\lab1\lab1\debug\lab1.tlog\cl.command.1.tlog
